"polygons" in: met_min_ca_density.lydrc:35
    Polygons (raw): 36 (flat)  6 (hierarchical)
    Elapsed: 0.020s  Memory: 521.00M
"polygons" in: met_min_ca_density.lydrc:36
    Polygons (raw): 72 (flat)  12 (hierarchical)
    Elapsed: 0.020s  Memory: 521.00M
"polygons" in: met_min_ca_density.lydrc:38
    Polygons (raw): 24 (flat)  14 (hierarchical)
    Elapsed: 0.020s  Memory: 521.00M
"polygons" in: met_min_ca_density.lydrc:39
    Polygons (raw): 546 (flat)  546 (hierarchical)
    Elapsed: 0.020s  Memory: 521.00M
"polygons" in: met_min_ca_density.lydrc:41
    Polygons (raw): 1002 (flat)  1002 (hierarchical)
    Elapsed: 0.020s  Memory: 521.00M
"polygons" in: met_min_ca_density.lydrc:42
    Polygons (raw): 666 (flat)  666 (hierarchical)
    Elapsed: 0.020s  Memory: 521.00M
"polygons" in: met_min_ca_density.lydrc:44
    Polygons (raw): 396 (flat)  396 (hierarchical)
    Elapsed: 0.010s  Memory: 521.00M
"polygons" in: met_min_ca_density.lydrc:45
    Polygons (raw): 0 (flat)  0 (hierarchical)
    Elapsed: 0.010s  Memory: 521.00M
"polygons" in: met_min_ca_density.lydrc:47
    Polygons (raw): 12 (flat)  12 (hierarchical)
    Elapsed: 0.020s  Memory: 521.00M
"polygons" in: met_min_ca_density.lydrc:48
    Polygons (raw): 0 (flat)  0 (hierarchical)
    Elapsed: 0.020s  Memory: 521.00M
"polygons" in: met_min_ca_density.lydrc:49
    Polygons (raw): 0 (flat)  0 (hierarchical)
    Elapsed: 0.030s  Memory: 521.00M
"polygons" in: met_min_ca_density.lydrc:51
    Polygons (raw): 12 (flat)  12 (hierarchical)
    Elapsed: 0.020s  Memory: 521.00M
"input" in: met_min_ca_density.lydrc:53
    Polygons (raw): 7 (flat)  2 (hierarchical)
    Elapsed: 0.020s  Memory: 521.00M
"area" in: met_min_ca_density.lydrc:55
    Elapsed: 0.030s  Memory: 521.00M
"polygons" in: met_min_ca_density.lydrc:59
    Polygons (raw): 36 (flat)  6 (hierarchical)
    Elapsed: 0.020s  Memory: 521.00M
"area" in: met_min_ca_density.lydrc:59
    Elapsed: 0.020s  Memory: 521.00M
li1_ca_density is 0.9999878182207348
"polygons" in: met_min_ca_density.lydrc:69
    Polygons (raw): 24 (flat)  14 (hierarchical)
    Elapsed: 0.020s  Memory: 521.00M
"area" in: met_min_ca_density.lydrc:69
    Elapsed: 0.020s  Memory: 521.00M
m1_ca_density is 0.9999039200264632
"polygons" in: met_min_ca_density.lydrc:79
    Polygons (raw): 1002 (flat)  1002 (hierarchical)
    Elapsed: 0.020s  Memory: 521.00M
"area" in: met_min_ca_density.lydrc:79
    Elapsed: 0.040s  Memory: 521.00M
m2_ca_density is 0.9996144197345891
"polygons" in: met_min_ca_density.lydrc:89
    Polygons (raw): 396 (flat)  396 (hierarchical)
    Elapsed: 0.020s  Memory: 521.00M
"area" in: met_min_ca_density.lydrc:89
    Elapsed: 0.030s  Memory: 521.00M
m3_ca_density is 0.9968931524945517
"polygons" in: met_min_ca_density.lydrc:99
    Polygons (raw): 12 (flat)  12 (hierarchical)
    Elapsed: 0.020s  Memory: 521.00M
"area" in: met_min_ca_density.lydrc:99
    Elapsed: 0.020s  Memory: 521.00M
m4_ca_density is 0.999817578611457
"polygons" in: met_min_ca_density.lydrc:109
    Polygons (raw): 12 (flat)  12 (hierarchical)
    Elapsed: 0.020s  Memory: 521.00M
"area" in: met_min_ca_density.lydrc:109
    Elapsed: 0.020s  Memory: 521.00M
m5_ca_density is 0.999817578611457
Writing report database: /home/shahid/caravel_user_project_analog/precheck_results/02_SEP_2022___01_46_27/outputs/reports/klayout_met_min_ca_density_check.xml ..
Total elapsed: 0.580s  Memory: 521.00M
